test_harness_rv64.adb:1:06: error: file "aunit.ads" not found
test_harness_rv64.adb:2:06: error: file "test_suite.ads" not found
test_harness_rv64.adb:5:11: warning: file name does not match unit name, should be "test_harness.adb" [enabled by default]
